# JRE version: OpenJDK Runtime Environment (11.0.15) (build 11.0.15+0-b2043.56-9505619)
# Java VM: OpenJDK 64-Bit Server VM (11.0.15+0-b2043.56-9505619, mixed mode, tiered, compressed oops, g1 gc, windows-amd64)
Heap:
 garbage-first heap   total 233472K, used 28059K [0x0000000743200000, 0x0000000800000000)
  region size 1024K, 7 young (7168K), 7 survivors (7168K)
 Metaspace       used 45954K, capacity 46393K, committed 46640K, reserved 1089536K
  class space    used 5399K, capacity 5603K, committed 5680K, reserved 1048576K
GC Heap History (9 events):
Event: 0.469 GC heap before
{Heap before GC invocations=0 (full 0):
 garbage-first heap   total 194560K, used 28672K [0x0000000743200000, 0x0000000800000000)
  region size 1024K, 24 young (24576K), 0 survivors (0K)
 Metaspace       used 12136K, capacity 12280K, committed 12544K, reserved 1060864K
  class space    used 1121K, capacity 1175K, committed 1280K, reserved 1048576K
}
Event: 0.472 GC heap after
{Heap after GC invocations=1 (full 0):
 garbage-first heap   total 194560K, used 6827K [0x0000000743200000, 0x0000000800000000)
  region size 1024K, 3 young (3072K), 3 survivors (3072K)
 Metaspace       used 12136K, capacity 12280K, committed 12544K, reserved 1060864K
  class space    used 1121K, capacity 1175K, committed 1280K, reserved 1048576K
}
Event: 0.983 GC heap before
{Heap before GC invocations=1 (full 0):
 garbage-first heap   total 194560K, used 45739K [0x0000000743200000, 0x0000000800000000)
  region size 1024K, 42 young (43008K), 3 survivors (3072K)
 Metaspace       used 21045K, capacity 21199K, committed 21296K, reserved 1069056K
  class space    used 2229K, capacity 2308K, committed 2352K, reserved 1048576K
}
Event: 0.994 GC heap after
{Heap after GC invocations=2 (full 0):
 garbage-first heap   total 194560K, used 10415K [0x0000000743200000, 0x0000000800000000)
  region size 1024K, 7 young (7168K), 7 survivors (7168K)
 Metaspace       used 21045K, capacity 21199K, committed 21296K, reserved 1069056K
  class space    used 2229K, capacity 2308K, committed 2352K, reserved 1048576K
}
Event: 1.799 GC heap before
{Heap before GC invocations=3 (full 0):
 garbage-first heap   total 194560K, used 69807K [0x0000000743200000, 0x0000000800000000)
  region size 1024K, 59 young (60416K), 7 survivors (7168K)
 Metaspace       used 33906K, capacity 34372K, committed 34608K, reserved 1079296K
  class space    used 4182K, capacity 4369K, committed 4400K, reserved 1048576K
}
Event: 1.813 GC heap after
{Heap after GC invocations=4 (full 0):
 garbage-first heap   total 194560K, used 22792K [0x0000000743200000, 0x0000000800000000)
  region size 1024K, 8 young (8192K), 8 survivors (8192K)
 Metaspace       used 33906K, capacity 34372K, committed 34608K, reserved 1079296K
  class space    used 4182K, capacity 4369K, committed 4400K, reserved 1048576K
}
Event: 1.943 GC heap before
{Heap before GC invocations=4 (full 0):
 garbage-first heap   total 194560K, used 33032K [0x0000000743200000, 0x0000000800000000)
  region size 1024K, 19 young (19456K), 8 survivors (8192K)
 Metaspace       used 35511K, capacity 35855K, committed 35920K, reserved 1081344K
  class space    used 4347K, capacity 4501K, committed 4528K, reserved 1048576K
}
Event: 1.950 GC heap after
{Heap after GC invocations=5 (full 0):
 garbage-first heap   total 194560K, used 23293K [0x0000000743200000, 0x0000000800000000)
  region size 1024K, 7 young (7168K), 7 survivors (7168K)
 Metaspace       used 35511K, capacity 35855K, committed 35920K, reserved 1081344K
  class space    used 4347K, capacity 4501K, committed 4528K, reserved 1048576K
}
Event: 2.577 GC heap before
{Heap before GC invocations=6 (full 0):
 garbage-first heap   total 194560K, used 73469K [0x0000000743200000, 0x0000000800000000)
  region size 1024K, 56 young (57344K), 7 survivors (7168K)
 Metaspace       used 45954K, capacity 46393K, committed 46640K, reserved 1089536K
  class space    used 5399K, capacity 5603K, committed 5680K, reserved 1048576K
}

