# JRE version: OpenJDK Runtime Environment (11.0.15) (build 11.0.15+0-b2043.56-9505619)
# Java VM: OpenJDK 64-Bit Server VM (11.0.15+0-b2043.56-9505619, mixed mode, tiered, compressed oops, g1 gc, windows-amd64)
Heap:
 garbage-first heap   total 233472K, used 25600K [0x0000000743200000, 0x0000000800000000)
  region size 1024K, 4 young (4096K), 4 survivors (4096K)
 Metaspace       used 40705K, capacity 41133K, committed 41392K, reserved 1085440K
  class space    used 4821K, capacity 5020K, committed 5040K, reserved 1048576K
GC Heap History (9 events):
Event: 0.440 GC heap before
{Heap before GC invocations=0 (full 0):
 garbage-first heap   total 194560K, used 28672K [0x0000000743200000, 0x0000000800000000)
  region size 1024K, 24 young (24576K), 0 survivors (0K)
 Metaspace       used 12130K, capacity 12280K, committed 12544K, reserved 1060864K
  class space    used 1120K, capacity 1175K, committed 1280K, reserved 1048576K
}
Event: 0.442 GC heap after
{Heap after GC invocations=1 (full 0):
 garbage-first heap   total 194560K, used 6681K [0x0000000743200000, 0x0000000800000000)
  region size 1024K, 3 young (3072K), 3 survivors (3072K)
 Metaspace       used 12130K, capacity 12280K, committed 12544K, reserved 1060864K
  class space    used 1120K, capacity 1175K, committed 1280K, reserved 1048576K
}
Event: 0.939 GC heap before
{Heap before GC invocations=1 (full 0):
 garbage-first heap   total 194560K, used 45593K [0x0000000743200000, 0x0000000800000000)
  region size 1024K, 42 young (43008K), 3 survivors (3072K)
 Metaspace       used 21037K, capacity 21199K, committed 21296K, reserved 1069056K
  class space    used 2228K, capacity 2308K, committed 2352K, reserved 1048576K
}
Event: 0.948 GC heap after
{Heap after GC invocations=2 (full 0):
 garbage-first heap   total 194560K, used 10476K [0x0000000743200000, 0x0000000800000000)
  region size 1024K, 7 young (7168K), 7 survivors (7168K)
 Metaspace       used 21037K, capacity 21199K, committed 21296K, reserved 1069056K
  class space    used 2228K, capacity 2308K, committed 2352K, reserved 1048576K
}
Event: 1.664 GC heap before
{Heap before GC invocations=3 (full 0):
 garbage-first heap   total 194560K, used 70892K [0x0000000743200000, 0x0000000800000000)
  region size 1024K, 60 young (61440K), 7 survivors (7168K)
 Metaspace       used 34125K, capacity 34564K, committed 34608K, reserved 1079296K
  class space    used 4201K, capacity 4369K, committed 4400K, reserved 1048576K
}
Event: 1.676 GC heap after
{Heap after GC invocations=4 (full 0):
 garbage-first heap   total 194560K, used 23145K [0x0000000743200000, 0x0000000800000000)
  region size 1024K, 8 young (8192K), 8 survivors (8192K)
 Metaspace       used 34125K, capacity 34564K, committed 34608K, reserved 1079296K
  class space    used 4201K, capacity 4369K, committed 4400K, reserved 1048576K
}
Event: 1.789 GC heap before
{Heap before GC invocations=4 (full 0):
 garbage-first heap   total 194560K, used 32361K [0x0000000743200000, 0x0000000800000000)
  region size 1024K, 18 young (18432K), 8 survivors (8192K)
 Metaspace       used 35515K, capacity 35855K, committed 35920K, reserved 1081344K
  class space    used 4347K, capacity 4501K, committed 4528K, reserved 1048576K
}
Event: 1.796 GC heap after
{Heap after GC invocations=5 (full 0):
 garbage-first heap   total 194560K, used 23119K [0x0000000743200000, 0x0000000800000000)
  region size 1024K, 7 young (7168K), 7 survivors (7168K)
 Metaspace       used 35515K, capacity 35855K, committed 35920K, reserved 1081344K
  class space    used 4347K, capacity 4501K, committed 4528K, reserved 1048576K
}
Event: 2.051 GC heap before
{Heap before GC invocations=6 (full 0):
 garbage-first heap   total 194560K, used 48719K [0x0000000743200000, 0x0000000800000000)
  region size 1024K, 32 young (32768K), 7 survivors (7168K)
 Metaspace       used 40705K, capacity 41133K, committed 41392K, reserved 1085440K
  class space    used 4821K, capacity 5020K, committed 5040K, reserved 1048576K
}

